1: O 1: started
2: O 1: going to queue
3: O 2: started
4: O 2: going to queue
5: O 3: started
6: O 3: going to queue
7: O 4: started
8: O 4: going to queue
9: O 5: started
10: O 5: going to queue
11: O 6: started
12: O 6: going to queue
13: O 7: started
14: O 7: going to queue
15: O 8: started
16: O 8: going to queue
17: O 9: started
18: O 9: going to queue
19: O 10: started
20: O 10: going to queue
21: O 11: started
22: O 11: going to queue
23: O 12: started
24: O 12: going to queue
25: O 13: started
26: O 13: going to queue
27: O 14: started
28: O 14: going to queue
29: O 15: started
30: O 15: going to queue
31: O 16: started
32: O 16: going to queue
33: O 17: started
34: O 17: going to queue
35: O 18: started
36: O 18: going to queue
37: O 19: started
38: O 19: going to queue
39: O 20: started
40: O 20: going to queue
41: O 21: started
42: O 21: going to queue
43: O 22: started
44: O 22: going to queue
45: O 23: started
46: O 23: going to queue
47: O 24: started
48: O 24: going to queue
49: O 25: started
50: O 25: going to queue
51: O 26: started
52: O 26: going to queue
53: O 27: started
54: O 27: going to queue
55: O 28: started
56: O 28: going to queue
57: O 29: started
58: O 29: going to queue
59: O 30: started
60: O 30: going to queue
61: O 31: started
62: O 31: going to queue
63: O 32: started
64: O 32: going to queue
65: O 33: started
66: O 33: going to queue
67: O 34: started
68: O 34: going to queue
69: O 35: started
70: O 35: going to queue
71: O 36: started
72: O 36: going to queue
73: O 37: started
74: O 37: going to queue
75: O 38: started
76: O 38: going to queue
77: O 39: started
78: O 39: going to queue
79: O 40: started
80: O 40: going to queue
81: O 41: started
82: O 41: going to queue
83: O 42: started
84: O 42: going to queue
85: O 43: started
86: O 43: going to queue
87: O 44: started
88: O 44: going to queue
89: O 45: started
90: O 45: going to queue
91: O 46: started
92: O 46: going to queue
93: O 47: started
94: O 47: going to queue
95: O 48: started
96: O 48: going to queue
97: O 49: started
98: O 49: going to queue
99: O 50: started
100: O 50: going to queue
101: O 51: started
102: O 51: going to queue
103: O 52: started
104: O 52: going to queue
105: O 53: started
106: O 53: going to queue
107: O 54: started
108: O 54: going to queue
109: O 55: started
110: O 55: going to queue
111: O 56: started
112: O 56: going to queue
113: O 57: started
114: O 57: going to queue
115: O 58: started
116: O 58: going to queue
117: O 59: started
118: O 59: going to queue
119: O 60: started
120: O 60: going to queue
121: O 61: started
122: O 61: going to queue
123: O 62: started
124: O 62: going to queue
125: O 63: started
126: O 63: going to queue
127: O 64: started
128: O 64: going to queue
129: O 65: started
130: O 65: going to queue
131: O 66: started
132: O 66: going to queue
133: O 67: started
134: O 67: going to queue
135: O 68: started
136: O 68: going to queue
137: O 69: started
138: O 69: going to queue
139: O 70: started
140: O 70: going to queue
141: O 71: started
142: O 71: going to queue
143: O 72: started
144: O 72: going to queue
145: O 73: started
146: O 73: going to queue
147: O 74: started
148: O 74: going to queue
149: O 75: started
150: O 75: going to queue
151: O 76: started
152: O 76: going to queue
153: O 77: started
154: O 77: going to queue
155: O 78: started
156: O 78: going to queue
157: O 79: started
158: O 79: going to queue
159: O 80: started
160: O 80: going to queue
161: O 81: started
162: O 81: going to queue
163: O 82: started
164: O 82: going to queue
165: O 83: started
166: O 83: going to queue
167: O 84: started
168: O 84: going to queue
169: O 85: started
170: O 85: going to queue
171: O 86: started
172: O 86: going to queue
173: O 87: started
174: O 87: going to queue
175: O 88: started
176: O 88: going to queue
177: O 89: started
178: O 89: going to queue
179: O 90: started
180: O 90: going to queue
181: O 91: started
182: O 91: going to queue
183: O 92: started
184: O 92: going to queue
185: O 93: started
186: O 93: going to queue
187: O 94: started
188: O 94: going to queue
189: O 95: started
190: O 95: going to queue
191: O 96: started
192: O 96: going to queue
193: O 97: started
194: O 97: going to queue
195: O 98: started
196: O 98: going to queue
197: O 99: started
198: O 99: going to queue
199: O 100: started
200: O 100: going to queue
201: H 1: started
202: H 1: going to queue
203: H 2: started
204: H 2: going to queue
205: H 1: creating molecule 1
206: O 1: creating molecule 1
207: H 2: creating molecule 1
208: H 3: started
209: H 2: molecule 1 created
210: H 3: going to queue
211: O 1: molecule 1 created
212: H 1: molecule 1 created
213: H 4: started
214: H 5: started
215: H 4: going to queue
216: H 5: going to queue
217: H 6: started
218: O 2: creating molecule 2
219: H 6: going to queue
220: H 4: creating molecule 2
221: H 7: started
222: H 3: creating molecule 2
223: H 7: going to queue
224: O 2: molecule 2 created
225: H 8: started
226: H 4: molecule 2 created
227: H 8: going to queue
228: H 3: molecule 2 created
229: H 9: started
230: H 9: going to queue
231: O 3: creating molecule 3
232: H 10: started
233: H 5: creating molecule 3
234: H 10: going to queue
235: H 11: started
236: H 6: creating molecule 3
237: H 11: going to queue
238: O 3: molecule 3 created
239: H 5: molecule 3 created
240: H 6: molecule 3 created
241: H 12: started
242: H 13: started
243: H 7: creating molecule 4
244: H 8: creating molecule 4
245: H 13: going to queue
246: H 14: started
247: O 4: creating molecule 4
248: H 14: going to queue
249: H 12: going to queue
250: O 4: molecule 4 created
251: H 15: started
252: H 8: molecule 4 created
253: H 15: going to queue
254: H 7: molecule 4 created
255: H 16: started
256: H 17: started
257: O 5: creating molecule 5
258: H 17: going to queue
259: H 10: creating molecule 5
260: H 16: going to queue
261: H 19: started
262: H 9: creating molecule 5
263: H 19: going to queue
264: O 5: molecule 5 created
265: H 9: molecule 5 created
266: H 20: started
267: H 18: started
268: H 20: going to queue
269: H 18: going to queue
270: H 10: molecule 5 created
271: H 21: started
272: H 21: going to queue
273: H 22: started
274: O 6: creating molecule 6
275: H 11: creating molecule 6
276: H 13: creating molecule 6
277: H 23: started
278: O 6: molecule 6 created
279: H 23: going to queue
280: H 22: going to queue
281: H 13: molecule 6 created
282: H 24: started
283: H 25: started
284: H 24: going to queue
285: H 11: molecule 6 created
286: H 25: going to queue
287: H 26: started
288: O 7: creating molecule 7
289: H 25: creating molecule 7
290: H 27: started
291: H 14: creating molecule 7
292: H 27: going to queue
293: H 26: going to queue
294: O 7: molecule 7 created
295: H 28: started
296: H 25: molecule 7 created
297: H 28: going to queue
298: H 29: started
299: H 14: molecule 7 created
300: H 29: going to queue
301: H 30: started
302: H 29: creating molecule 8
303: O 8: creating molecule 8
304: H 31: started
305: H 30: going to queue
306: H 31: going to queue
307: H 15: creating molecule 8
308: H 32: started
309: H 29: molecule 8 created
310: H 32: going to queue
311: O 8: molecule 8 created
312: H 33: started
313: H 15: molecule 8 created
314: H 33: going to queue
315: H 33: creating molecule 9
316: O 9: creating molecule 9
317: H 16: creating molecule 9
318: H 35: started
319: O 9: molecule 9 created
320: H 34: started
321: H 33: molecule 9 created
322: H 34: going to queue
323: H 35: going to queue
324: H 36: started
325: H 16: molecule 9 created
326: H 36: going to queue
327: H 37: started
328: H 36: creating molecule 10
329: H 37: going to queue
330: H 20: creating molecule 10
331: H 38: started
332: O 10: creating molecule 10
333: H 38: going to queue
334: H 39: started
335: O 10: molecule 10 created
336: H 39: going to queue
337: H 40: started
338: H 36: molecule 10 created
339: H 20: molecule 10 created
340: H 41: started
341: H 40: going to queue
342: H 41: going to queue
343: O 11: creating molecule 11
344: H 42: started
345: H 21: creating molecule 11
346: H 42: going to queue
347: H 23: creating molecule 11
348: H 43: started
349: H 23: molecule 11 created
350: O 11: molecule 11 created
351: H 21: molecule 11 created
352: H 43: going to queue
353: H 44: started
354: H 44: going to queue
355: O 12: creating molecule 12
356: H 45: started
357: H 22: creating molecule 12
358: H 45: going to queue
359: H 24: creating molecule 12
360: H 46: started
361: O 12: molecule 12 created
362: H 46: going to queue
363: H 24: molecule 12 created
364: H 47: started
365: H 22: molecule 12 created
366: H 47: going to queue
367: H 47: creating molecule 13
368: H 48: started
369: H 12: creating molecule 13
370: H 48: going to queue
371: H 49: started
372: O 13: creating molecule 13
373: H 49: going to queue
374: H 50: started
375: O 13: molecule 13 created
376: H 50: going to queue
377: H 47: molecule 13 created
378: H 51: started
379: H 12: molecule 13 created
380: H 51: going to queue
381: H 52: started
382: H 51: creating molecule 14
383: O 14: creating molecule 14
384: H 53: started
385: H 52: going to queue
386: H 53: going to queue
387: H 26: creating molecule 14
388: H 54: started
389: O 14: molecule 14 created
390: H 54: going to queue
391: H 26: molecule 14 created
392: H 51: molecule 14 created
393: H 55: started
394: H 55: going to queue
395: H 17: creating molecule 15
396: O 15: creating molecule 15
397: H 56: started
398: H 30: creating molecule 15
399: H 56: going to queue
400: O 15: molecule 15 created
401: H 30: molecule 15 created
402: H 57: started
403: H 17: molecule 15 created
404: H 57: going to queue
405: H 57: creating molecule 16
406: O 16: creating molecule 16
407: H 31: creating molecule 16
408: H 59: started
409: O 16: molecule 16 created
410: H 59: going to queue
411: H 57: molecule 16 created
412: H 60: started
413: H 58: started
414: H 60: going to queue
415: H 31: molecule 16 created
416: H 61: started
417: H 58: going to queue
418: H 61: going to queue
419: O 17: creating molecule 17
420: H 62: started
421: H 34: creating molecule 17
422: H 62: going to queue
423: H 19: creating molecule 17
424: H 63: started
425: O 17: molecule 17 created
426: H 63: going to queue
427: H 19: molecule 17 created
428: H 34: molecule 17 created
429: H 64: started
430: H 64: going to queue
431: O 18: creating molecule 18
432: H 65: started
433: H 35: creating molecule 18
434: H 65: going to queue
435: H 18: creating molecule 18
436: H 66: started
437: H 18: molecule 18 created
438: O 18: molecule 18 created
439: H 66: going to queue
440: H 35: molecule 18 created
441: H 67: started
442: H 68: started
443: H 37: creating molecule 19
444: O 19: creating molecule 19
445: H 67: going to queue
446: H 69: started
447: H 38: creating molecule 19
448: H 69: going to queue
449: H 68: going to queue
450: O 19: molecule 19 created
451: H 70: started
452: H 38: molecule 19 created
453: H 70: going to queue
454: H 71: started
455: H 37: molecule 19 created
456: H 71: going to queue
457: H 72: started
458: O 20: creating molecule 20
459: H 71: creating molecule 20
460: H 72: going to queue
461: H 73: started
462: H 39: creating molecule 20
463: H 73: going to queue
464: H 71: molecule 20 created
465: H 39: molecule 20 created
466: O 20: molecule 20 created
467: H 74: started
468: H 75: started
469: H 41: creating molecule 21
470: H 74: going to queue
471: H 76: started
472: H 75: going to queue
473: H 76: going to queue
474: H 42: creating molecule 21
475: H 77: started
476: O 21: creating molecule 21
477: H 77: going to queue
478: O 21: molecule 21 created
479: H 78: started
480: H 41: molecule 21 created
481: H 78: going to queue
482: H 42: molecule 21 created
483: H 79: started
484: H 79: going to queue
485: H 43: creating molecule 22
486: H 79: creating molecule 22
487: H 80: started
488: H 81: started
489: O 22: creating molecule 22
490: H 81: going to queue
491: H 80: going to queue
492: O 22: molecule 22 created
493: H 82: started
494: H 79: molecule 22 created
495: H 82: going to queue
496: H 43: molecule 22 created
497: H 83: started
498: H 83: going to queue
499: O 23: creating molecule 23
500: H 84: started
501: H 46: creating molecule 23
502: H 84: going to queue
503: H 45: creating molecule 23
504: H 85: started
505: H 46: molecule 23 created
506: H 85: going to queue
507: H 86: started
508: O 23: molecule 23 created
509: H 86: going to queue
510: H 87: started
511: H 45: molecule 23 created
512: H 87: going to queue
513: H 88: started
514: H 27: creating molecule 24
515: O 24: creating molecule 24
516: H 48: creating molecule 24
517: H 88: going to queue
518: O 24: molecule 24 created
519: H 27: molecule 24 created
520: H 90: started
521: H 89: started
522: H 48: molecule 24 created
523: H 89: going to queue
524: H 90: going to queue
525: H 91: started
526: O 25: creating molecule 25
527: H 92: started
528: H 90: creating molecule 25
529: H 92: going to queue
530: H 93: started
531: H 91: going to queue
532: H 93: going to queue
533: H 49: creating molecule 25
534: H 94: started
535: O 25: molecule 25 created
536: H 95: started
537: H 90: molecule 25 created
538: H 95: going to queue
539: H 94: going to queue
540: H 49: molecule 25 created
541: H 96: started
542: H 96: going to queue
543: H 97: started
544: H 52: creating molecule 26
545: H 97: going to queue
546: H 28: creating molecule 26
547: H 98: started
548: H 99: started
549: O 26: creating molecule 26
550: H 99: going to queue
551: H 98: going to queue
552: O 26: molecule 26 created
553: H 28: molecule 26 created
554: H 101: started
555: H 100: started
556: H 101: going to queue
557: H 52: molecule 26 created
558: H 100: going to queue
559: H 100: creating molecule 27
560: O 27: creating molecule 27
561: H 53: creating molecule 27
562: H 53: molecule 27 created
563: O 27: molecule 27 created
564: H 100: molecule 27 created
565: H 55: creating molecule 28
566: O 28: creating molecule 28
567: H 56: creating molecule 28
568: H 56: molecule 28 created
569: O 28: molecule 28 created
570: H 55: molecule 28 created
571: H 32: creating molecule 29
572: O 29: creating molecule 29
573: H 59: creating molecule 29
574: H 32: molecule 29 created
575: H 59: molecule 29 created
576: O 29: molecule 29 created
577: H 60: creating molecule 30
578: H 58: creating molecule 30
579: O 30: creating molecule 30
580: O 30: molecule 30 created
581: H 60: molecule 30 created
582: H 58: molecule 30 created
583: H 61: creating molecule 31
584: O 31: creating molecule 31
585: H 62: creating molecule 31
586: H 62: molecule 31 created
587: O 31: molecule 31 created
588: H 61: molecule 31 created
589: H 63: creating molecule 32
590: O 32: creating molecule 32
591: H 64: creating molecule 32
592: H 64: molecule 32 created
593: O 32: molecule 32 created
594: H 63: molecule 32 created
595: H 65: creating molecule 33
596: O 33: creating molecule 33
597: H 66: creating molecule 33
598: H 66: molecule 33 created
599: O 33: molecule 33 created
600: H 65: molecule 33 created
601: H 67: creating molecule 34
602: O 34: creating molecule 34
603: H 69: creating molecule 34
604: H 69: molecule 34 created
605: H 67: molecule 34 created
606: O 34: molecule 34 created
607: H 68: creating molecule 35
608: O 35: creating molecule 35
609: H 70: creating molecule 35
610: H 70: molecule 35 created
611: H 68: molecule 35 created
612: O 35: molecule 35 created
613: H 40: creating molecule 36
614: O 36: creating molecule 36
615: H 72: creating molecule 36
616: H 72: molecule 36 created
617: H 40: molecule 36 created
618: O 36: molecule 36 created
619: H 73: creating molecule 37
620: O 37: creating molecule 37
621: H 74: creating molecule 37
622: H 74: molecule 37 created
623: O 37: molecule 37 created
624: H 73: molecule 37 created
625: H 75: creating molecule 38
626: O 38: creating molecule 38
627: H 76: creating molecule 38
628: H 76: molecule 38 created
629: O 38: molecule 38 created
630: H 75: molecule 38 created
631: H 77: creating molecule 39
632: O 39: creating molecule 39
633: H 78: creating molecule 39
634: H 78: molecule 39 created
635: O 39: molecule 39 created
636: H 77: molecule 39 created
637: H 44: creating molecule 40
638: O 40: creating molecule 40
639: H 81: creating molecule 40
640: H 44: molecule 40 created
641: O 40: molecule 40 created
642: H 81: molecule 40 created
643: H 80: creating molecule 41
644: O 41: creating molecule 41
645: H 82: creating molecule 41
646: H 82: molecule 41 created
647: O 41: molecule 41 created
648: H 80: molecule 41 created
649: H 83: creating molecule 42
650: O 42: creating molecule 42
651: H 84: creating molecule 42
652: H 83: molecule 42 created
653: O 42: molecule 42 created
654: H 84: molecule 42 created
655: H 85: creating molecule 43
656: O 43: creating molecule 43
657: H 86: creating molecule 43
658: H 86: molecule 43 created
659: O 43: molecule 43 created
660: H 85: molecule 43 created
661: H 87: creating molecule 44
662: O 44: creating molecule 44
663: H 88: creating molecule 44
664: H 87: molecule 44 created
665: O 44: molecule 44 created
666: H 88: molecule 44 created
667: H 89: creating molecule 45
668: H 50: creating molecule 45
669: O 45: creating molecule 45
670: O 45: molecule 45 created
671: H 50: molecule 45 created
672: H 89: molecule 45 created
673: H 92: creating molecule 46
674: H 91: creating molecule 46
675: O 46: creating molecule 46
676: O 46: molecule 46 created
677: H 92: molecule 46 created
678: H 91: molecule 46 created
679: H 93: creating molecule 47
680: O 47: creating molecule 47
681: H 95: creating molecule 47
682: H 95: molecule 47 created
683: O 47: molecule 47 created
684: H 93: molecule 47 created
685: H 94: creating molecule 48
686: O 48: creating molecule 48
687: H 96: creating molecule 48
688: H 96: molecule 48 created
689: H 94: molecule 48 created
690: O 48: molecule 48 created
691: H 97: creating molecule 49
692: O 49: creating molecule 49
693: H 99: creating molecule 49
694: O 49: molecule 49 created
695: H 97: molecule 49 created
696: H 99: molecule 49 created
697: H 98: creating molecule 50
698: O 50: creating molecule 50
699: H 101: creating molecule 50
700: H 98: molecule 50 created
701: O 50: molecule 50 created
702: H 101: molecule 50 created
703: O 51: not enough H
704: O 52: not enough H
705: O 53: not enough H
706: O 56: not enough H
707: O 58: not enough H
708: O 59: not enough H
709: O 61: not enough H
710: O 63: not enough H
711: O 65: not enough H
712: O 67: not enough H
713: O 69: not enough H
714: O 71: not enough H
715: O 73: not enough H
716: O 75: not enough H
717: O 77: not enough H
718: O 79: not enough H
719: O 81: not enough H
720: O 82: not enough H
721: O 84: not enough H
722: O 86: not enough H
723: O 88: not enough H
724: O 90: not enough H
725: O 92: not enough H
726: O 94: not enough H
727: O 96: not enough H
728: O 98: not enough H
729: O 99: not enough H
730: H 54: not enough O or H
731: O 66: not enough H
732: O 80: not enough H
733: O 60: not enough H
734: O 55: not enough H
735: O 68: not enough H
736: O 83: not enough H
737: O 85: not enough H
738: O 57: not enough H
739: O 87: not enough H
740: O 70: not enough H
741: O 89: not enough H
742: O 62: not enough H
743: O 72: not enough H
744: O 91: not enough H
745: O 64: not enough H
746: O 93: not enough H
747: O 74: not enough H
748: O 95: not enough H
749: O 97: not enough H
750: O 76: not enough H
751: O 54: not enough H
752: O 100: not enough H
753: O 78: not enough H
